<?xml version="1.0" encoding="UTF-8"?>
<!-- Generated by org.testng.reporters.JUnitReportReporter -->
<testsuite skipped="0" hostname="CABBSDHJ3V" name="aaa.SampleTestcase" tests="1" failures="0" timestamp="08 Mar 2017 16:09:14 GMT" time="0.016" errors="0">
  <testcase name="testPrintMessage" time="0.016" classname="aaa.SampleTestcase"/>
</testsuite> <!-- aaa.SampleTestcase -->
